Job ID:  542240
Node:    xgpi10
Time:    Sat Apr  4 01:01:35 AM +08 2026
GPU:     NVIDIA H100 NVL, 95830 MiB
Packages ready.
torch 2.10.0+cu128 | cuda: True
transformers 5.3.0
Running phases from 1 with classifier=prototype model=bertweet
======================================================================
CBDC Sentiment Debiasing Pipeline
======================================================================
Model:         vinai/bertweet-base  (--model bertweet)
Text unit:     text
Classifier:    prototype
Cache dir:     /home/k/kimsh/cs4248/project/cache/bertweet
Running phases: [1, 2, 3, 4]
Include D2.5:  True

######################################################################
# PHASE: [1/4] Embedding extraction
# Script: data/embed.py
######################################################################

Device: cuda
Loading model from 'vinai/bertweet-base' ...
  hidden_size=768 | all backbone params frozen
Loading local dataset from '/home/k/kimsh/cs4248/project/data/train.csv' ...
  encoding=utf-8 failed, trying next ...
  Loaded with encoding=latin-1
  Local train dataset: using text_col='text', label_col='sentiment'
  Local train dataset: selected_text_col='selected_text'
  Local train dataset loaded: 27480 samples | neg=7781 neu=11117 pos=8582
Loading local test dataset from '/home/k/kimsh/cs4248/project/data/test.csv' ...
  encoding=utf-8 failed, trying next ...
  Loaded with encoding=latin-1
  Local test dataset: using text_col='text', label_col='sentiment'
  Local test dataset loaded: 3534 samples | neg=1001 neu=1430 pos=1103
  split -> train=23358 | val=4122
  using fixed test split from 'test.csv'

Encoding train (23358 samples) ...
  Saved → /home/k/kimsh/cs4248/project/cache/bertweet/z_tweet_train.pt  shape=(23358, 768)

Encoding val (4122 samples) ...
  Saved → /home/k/kimsh/cs4248/project/cache/bertweet/z_tweet_val.pt  shape=(4122, 768)

Encoding test (3534 samples) ...
  Saved → /home/k/kimsh/cs4248/project/cache/bertweet/z_tweet_test.pt  shape=(3534, 768)

Embedding extraction complete.

[OK] Phase '[1/4] Embedding extraction' completed in 59.4s

######################################################################
# PHASE: [2/4] Materialize D1 / D2 / D2.5 / D3
# Script: cbdc/refine.py
######################################################################

Device: cuda
Loading model from 'vinai/bertweet-base' ...
  hidden_size=768 | all backbone params frozen

========================================================================
Materializing B1 (raw)
========================================================================
Loading model from 'vinai/bertweet-base' ...
  hidden_size=768 | all backbone params frozen

========================================================================
Materializing D1 (debias_vl)
========================================================================

=== debias_vl confound map discovery ===
  spurious_cb:  (32, 768)
  candidate_cb: (96, 768)
  S_pairs: 1488
  topic source: mined topic phrases (32 topics)
  topic preview: today, work, sleep, people, twitter, friends, food, plans for tomorrow
  Top-4 SVD singular values: [1.0337646007537842, 1.0300778150558472, 1.0229777097702026, 1.0174686908721924]
  bias_anchors: (4, 768)
  D1 (debias_vl) train: saved -> /home/k/kimsh/cs4248/project/cache/bertweet/conditions/d1_debias_vl/z_tweet_train.pt
  D1 (debias_vl) val: saved -> /home/k/kimsh/cs4248/project/cache/bertweet/conditions/d1_debias_vl/z_tweet_val.pt
  D1 (debias_vl) test: saved -> /home/k/kimsh/cs4248/project/cache/bertweet/conditions/d1_debias_vl/z_tweet_test.pt
Loading model from 'vinai/bertweet-base' ...
  hidden_size=768 | all backbone params frozen

========================================================================
Materializing D2 (CBDC)
========================================================================

=== CBDC text_iccv training ===
  n_epochs=100 | lr=1e-05 | PGD: epsilon=1.0 steps=20 restarts=10
  Checkpoint selector: labeled val centroid macro-F1
  Sentiment-orthogonal PGD: ON
  Epoch 1/100: match=0.0674 ck=0.0197 total=0.0871 selector_f1=0.5073
  Epoch 10/100: match=0.0283 ck=0.0055 total=0.0337 selector_f1=0.5060
  Epoch 20/100: match=0.0453 ck=0.0021 total=0.0475 selector_f1=0.5060
  Epoch 30/100: match=0.0224 ck=0.0020 total=0.0245 selector_f1=0.5064
  Epoch 40/100: match=0.0233 ck=0.0012 total=0.0246 selector_f1=0.5067
  Epoch 50/100: match=0.0233 ck=0.0010 total=0.0243 selector_f1=0.5068
  Epoch 60/100: match=0.0138 ck=0.0009 total=0.0147 selector_f1=0.5078
  Epoch 70/100: match=0.0172 ck=0.0008 total=0.0180 selector_f1=0.5081
  Epoch 80/100: match=0.0299 ck=0.0008 total=0.0307 selector_f1=0.5081
  Epoch 90/100: match=0.0283 ck=0.0010 total=0.0293 selector_f1=0.5082
  Epoch 100/100: match=0.0208 ck=0.0008 total=0.0215 selector_f1=0.5084

  Restored best CBDC epoch: 100/100 (selector_f1=0.5084)
  D2 (CBDC) train: saved -> /home/k/kimsh/cs4248/project/cache/bertweet/conditions/d2_cbdc/z_tweet_train.pt
  D2 (CBDC) val: saved -> /home/k/kimsh/cs4248/project/cache/bertweet/conditions/d2_cbdc/z_tweet_val.pt
  D2 (CBDC) test: saved -> /home/k/kimsh/cs4248/project/cache/bertweet/conditions/d2_cbdc/z_tweet_test.pt
Loading model from 'vinai/bertweet-base' ...
  hidden_size=768 | all backbone params frozen

========================================================================
Materializing D2.5 (CBDC no-label-select)
========================================================================

=== CBDC text_iccv training ===
  n_epochs=100 | lr=1e-05 | PGD: epsilon=1.0 steps=20 restarts=10
  Checkpoint selector: prompt loss only (label-free)
  Sentiment-orthogonal PGD: ON
  Epoch 1/100: match=0.0634 ck=0.0197 total=0.0832 selector_loss=0.0832
  Epoch 10/100: match=0.0360 ck=0.0056 total=0.0416 selector_loss=0.0416
  Epoch 20/100: match=0.0409 ck=0.0022 total=0.0430 selector_loss=0.0430
  Epoch 30/100: match=0.0301 ck=0.0020 total=0.0321 selector_loss=0.0321
  Epoch 40/100: match=0.0415 ck=0.0012 total=0.0427 selector_loss=0.0427
  Epoch 50/100: match=0.0195 ck=0.0011 total=0.0206 selector_loss=0.0206
  Epoch 60/100: match=0.0186 ck=0.0009 total=0.0195 selector_loss=0.0195
  Epoch 70/100: match=0.0248 ck=0.0008 total=0.0256 selector_loss=0.0256
  Epoch 80/100: match=0.0099 ck=0.0007 total=0.0106 selector_loss=0.0106
  Epoch 90/100: match=0.0122 ck=0.0007 total=0.0130 selector_loss=0.0130
  Epoch 100/100: match=0.0247 ck=0.0007 total=0.0255 selector_loss=0.0255

  Restored best CBDC epoch: 80/100 (selector_loss=0.0106)
  D2.5 (CBDC no-label-select) train: saved -> /home/k/kimsh/cs4248/project/cache/bertweet/conditions/d25_cbdc_no_label_select/z_tweet_train.pt
  D2.5 (CBDC no-label-select) val: saved -> /home/k/kimsh/cs4248/project/cache/bertweet/conditions/d25_cbdc_no_label_select/z_tweet_val.pt
  D2.5 (CBDC no-label-select) test: saved -> /home/k/kimsh/cs4248/project/cache/bertweet/conditions/d25_cbdc_no_label_select/z_tweet_test.pt
Loading model from 'vinai/bertweet-base' ...
  hidden_size=768 | all backbone params frozen

=== debias_vl confound map discovery ===
  spurious_cb:  (32, 768)
  candidate_cb: (96, 768)
  S_pairs: 1488
  topic source: mined topic phrases (32 topics)
  topic preview: today, work, sleep, people, twitter, friends, food, plans for tomorrow
  Top-4 SVD singular values: [1.0337646007537842, 1.0300778150558472, 1.0229777097702026, 1.0174686908721924]
  bias_anchors: (4, 768)

========================================================================
Materializing D3 (debias_vl->CBDC)
========================================================================

=== CBDC text_iccv training ===
  n_epochs=100 | lr=1e-05 | PGD: epsilon=1.0 steps=20 restarts=10
  Checkpoint selector: labeled val centroid macro-F1
  Sentiment-orthogonal PGD: ON
  Epoch 1/100: match=0.0262 ck=0.4478 total=0.4740 selector_f1=0.5078
  Epoch 10/100: match=0.0725 ck=0.0310 total=0.1035 selector_f1=0.5085
  Epoch 20/100: match=0.0552 ck=0.0048 total=0.0600 selector_f1=0.5089
  Epoch 30/100: match=0.0541 ck=0.0158 total=0.0699 selector_f1=0.5094
  Epoch 40/100: match=0.0477 ck=0.0021 total=0.0497 selector_f1=0.5094
  Epoch 50/100: match=0.0435 ck=0.0022 total=0.0457 selector_f1=0.5091
  Epoch 60/100: match=0.0415 ck=0.0012 total=0.0427 selector_f1=0.5086
  Epoch 70/100: match=0.0289 ck=0.0001 total=0.0290 selector_f1=0.5086
  Epoch 80/100: match=0.0310 ck=0.0007 total=0.0317 selector_f1=0.5087
  Epoch 90/100: match=0.0317 ck=0.0003 total=0.0320 selector_f1=0.5085
  Epoch 100/100: match=0.0353 ck=0.0003 total=0.0356 selector_f1=0.5091

  Restored best CBDC epoch: 40/100 (selector_f1=0.5094)
  D3 (debias_vl->CBDC) train: saved -> /home/k/kimsh/cs4248/project/cache/bertweet/conditions/d3_debias_vl_cbdc/z_tweet_train.pt
  D3 (debias_vl->CBDC) val: saved -> /home/k/kimsh/cs4248/project/cache/bertweet/conditions/d3_debias_vl_cbdc/z_tweet_val.pt
  D3 (debias_vl->CBDC) test: saved -> /home/k/kimsh/cs4248/project/cache/bertweet/conditions/d3_debias_vl_cbdc/z_tweet_test.pt

Phase 2 materialization complete.

[OK] Phase '[2/4] Materialize D1 / D2 / D2.5 / D3' completed in 548.6s

######################################################################
# PHASE: [3/4] Prototype-based evaluation
# Script: pipeline/prototype_classify.py
######################################################################


========================================================================
Condition: B1 (raw)
========================================================================
  val_acc=0.3117 val_f1=0.2798 | test_acc=0.3305 test_f1=0.3000

  Test classification report:
    precision    recall  f1-score   support
    
        negative     0.2956    0.7043    0.4164      1001
         neutral     0.4309    0.2245    0.2952      1430
        positive     0.3515    0.1287    0.1885      1103
    
        accuracy                         0.3305      3534
       macro avg     0.3593    0.3525    0.3000      3534
    weighted avg     0.3678    0.3305    0.2962      3534
  Saved 2366 disagreements -> /home/k/kimsh/cs4248/project/cache/bertweet/conditions/b1_raw/prototype_test_disagreements.csv

========================================================================
Condition: D1 (debias_vl)
========================================================================
  val_acc=0.3430 val_f1=0.3392 | test_acc=0.3483 test_f1=0.3441

  Test classification report:
    precision    recall  f1-score   support
    
        negative     0.2891    0.4785    0.3604      1001
         neutral     0.4374    0.3273    0.3744      1430
        positive     0.3519    0.2575    0.2974      1103
    
        accuracy                         0.3483      3534
       macro avg     0.3595    0.3544    0.3441      3534
    weighted avg     0.3687    0.3483    0.3464      3534
  Saved 2303 disagreements -> /home/k/kimsh/cs4248/project/cache/bertweet/conditions/d1_debias_vl/prototype_test_disagreements.csv

========================================================================
Condition: D2 (CBDC)
========================================================================
  val_acc=0.3207 val_f1=0.3107 | test_acc=0.3373 test_f1=0.3269

  Test classification report:
    precision    recall  f1-score   support
    
        negative     0.2933    0.5834    0.3904      1001
         neutral     0.4215    0.2573    0.3196      1430
        positive     0.3582    0.2176    0.2707      1103
    
        accuracy                         0.3373      3534
       macro avg     0.3577    0.3528    0.3269      3534
    weighted avg     0.3655    0.3373    0.3244      3534
  Saved 2342 disagreements -> /home/k/kimsh/cs4248/project/cache/bertweet/conditions/d2_cbdc/prototype_test_disagreements.csv

========================================================================
Condition: D2.5 (CBDC no-label-select)
========================================================================
  val_acc=0.3302 val_f1=0.3212 | test_acc=0.3430 test_f1=0.3349

  Test classification report:
    precision    recall  f1-score   support
    
        negative     0.2897    0.5125    0.3701      1001
         neutral     0.4140    0.3217    0.3621      1430
        positive     0.3666    0.2167    0.2724      1103
    
        accuracy                         0.3430      3534
       macro avg     0.3568    0.3503    0.3349      3534
    weighted avg     0.3640    0.3430    0.3364      3534
  Saved 2322 disagreements -> /home/k/kimsh/cs4248/project/cache/bertweet/conditions/d25_cbdc_no_label_select/prototype_test_disagreements.csv

========================================================================
Condition: D3 (debias_vl->CBDC)
========================================================================
  val_acc=0.3261 val_f1=0.2941 | test_acc=0.3444 test_f1=0.3131

  Test classification report:
    precision    recall  f1-score   support
    
        negative     0.2964    0.6474    0.4067      1001
         neutral     0.4436    0.3161    0.3691      1430
        positive     0.3556    0.1061    0.1634      1103
    
        accuracy                         0.3444      3534
       macro avg     0.3652    0.3565    0.3131      3534
    weighted avg     0.3744    0.3444    0.3156      3534
  Saved 2317 disagreements -> /home/k/kimsh/cs4248/project/cache/bertweet/conditions/d3_debias_vl_cbdc/prototype_test_disagreements.csv

========================================================================
PROTOTYPE SUMMARY
========================================================================
Condition                  Val Acc  Test Acc   Val F1   Test F1
--------------------------------------------------------------------
B1 (raw)                    0.3117    0.3305   0.2798    0.3000
D1 (debias_vl)              0.3430    0.3483   0.3392    0.3441
D2 (CBDC)                   0.3207    0.3373   0.3107    0.3269
D2.5 (CBDC no-label-select)   0.3302    0.3430   0.3212    0.3349
D3 (debias_vl->CBDC)        0.3261    0.3444   0.2941    0.3131

Results saved -> /home/k/kimsh/cs4248/project/cache/bertweet/results_prototype.pt

[OK] Phase '[3/4] Prototype-based evaluation' completed in 6.5s

######################################################################
# PHASE: [4/4] Full evaluation report
# Script: pipeline/evaluate.py
######################################################################

========================================================================
CBDC Sentiment Debiasing — Prototype Evaluation Report
========================================================================

--- Prototype Results ---
Condition                  Val Acc  Test Acc   Val F1   Test F1
--------------------------------------------------------------------
B1 (raw)                    0.3117    0.3305   0.2798    0.3000
D1 (debias_vl)              0.3430    0.3483   0.3392    0.3441
D2 (CBDC)                   0.3207    0.3373   0.3107    0.3269
D2.5 (CBDC no-label-select)   0.3302    0.3430   0.3212    0.3349
D3 (debias_vl->CBDC)        0.3261    0.3444   0.2941    0.3131

--- Detailed Test Reports ---

B1 (raw):
  precision    recall  f1-score   support
  
      negative     0.2956    0.7043    0.4164      1001
       neutral     0.4309    0.2245    0.2952      1430
      positive     0.3515    0.1287    0.1885      1103
  
      accuracy                         0.3305      3534
     macro avg     0.3593    0.3525    0.3000      3534
  weighted avg     0.3678    0.3305    0.2962      3534

D1 (debias_vl):
  precision    recall  f1-score   support
  
      negative     0.2891    0.4785    0.3604      1001
       neutral     0.4374    0.3273    0.3744      1430
      positive     0.3519    0.2575    0.2974      1103
  
      accuracy                         0.3483      3534
     macro avg     0.3595    0.3544    0.3441      3534
  weighted avg     0.3687    0.3483    0.3464      3534

D2 (CBDC):
  precision    recall  f1-score   support
  
      negative     0.2933    0.5834    0.3904      1001
       neutral     0.4215    0.2573    0.3196      1430
      positive     0.3582    0.2176    0.2707      1103
  
      accuracy                         0.3373      3534
     macro avg     0.3577    0.3528    0.3269      3534
  weighted avg     0.3655    0.3373    0.3244      3534

D2.5 (CBDC no-label-select):
  precision    recall  f1-score   support
  
      negative     0.2897    0.5125    0.3701      1001
       neutral     0.4140    0.3217    0.3621      1430
      positive     0.3666    0.2167    0.2724      1103
  
      accuracy                         0.3430      3534
     macro avg     0.3568    0.3503    0.3349      3534
  weighted avg     0.3640    0.3430    0.3364      3534

D3 (debias_vl->CBDC):
  precision    recall  f1-score   support
  
      negative     0.2964    0.6474    0.4067      1001
       neutral     0.4436    0.3161    0.3691      1430
      positive     0.3556    0.1061    0.1634      1103
  
      accuracy                         0.3444      3534
     macro avg     0.3652    0.3565    0.3131      3534
  weighted avg     0.3744    0.3444    0.3156      3534

--- Direction Interpretability ---
(Lower pos-neg gap = direction is more sentiment-neutral)
Condition                 Direction              neg_mean   neu_mean   pos_mean      gap
----------------------------------------------------------------------------------------
D1 (debias_vl)            debias_vl_directions     0.0001    -0.0004    -0.0003   0.0003
D2 (CBDC)                 cbdc_directions          0.0614     0.0615     0.0634   0.0020
D2.5 (CBDC no-label-select) cbdc_directions          0.0754     0.0753     0.0770   0.0016
D3 (debias_vl->CBDC)      debias_vl_directions     0.0006     0.0034    -0.0003   0.0009

--- Comparative Analysis ---
  D1 vs B1 test accuracy: +0.0178
  D2 vs B1 test accuracy: +0.0068
  D2.5 vs B1 test accuracy: +0.0125
  D3 vs B1 test accuracy: +0.0139
  D2.5 vs D2 test accuracy: +0.0057
  D3 vs D2 test accuracy: +0.0071
  D3 vs D1 test accuracy: -0.0040

Full report saved -> /home/k/kimsh/cs4248/project/results/eval_report_prototype.txt

[OK] Phase '[4/4] Full evaluation report' completed in 1.6s

======================================================================
All phases complete in 10.3 minutes.
Results: /home/k/kimsh/cs4248/project/results/eval_report_prototype.txt
======================================================================
Done. Sat Apr  4 01:12:01 AM +08 2026
