Job ID:  542339
Node:    xgpi11
Time:    Sat Apr  4 02:03:19 AM +08 2026
GPU:     NVIDIA H100 NVL, 95830 MiB
Packages ready.
torch 2.10.0+cu128 | cuda: True
transformers 5.3.0
Running phases from 1 with classifier=prototype model=bert-uncased
======================================================================
CBDC Sentiment Debiasing Pipeline
======================================================================
Model:         google-bert/bert-base-uncased  (--model bert-uncased)
Text unit:     text
Classifier:    prototype
Cache dir:     /home/k/kimsh/cs4248/project/cache/bert_uncased
Running phases: [1, 2, 3, 4]
Include D2.5:  True

######################################################################
# PHASE: [1/4] Embedding extraction
# Script: data/embed.py
######################################################################

Device: cuda
Loading model from 'google-bert/bert-base-uncased' ...
  model_type=bert | hidden_size=768 | all backbone params frozen | dtype=float32
Loading local dataset from '/home/k/kimsh/cs4248/project/data/train.csv' ...
  encoding=utf-8 failed, trying next ...
  Loaded with encoding=latin-1
  Local train dataset: using text_col='text', label_col='sentiment'
  Local train dataset: selected_text_col='selected_text'
  Local train dataset loaded: 27480 samples | neg=7781 neu=11117 pos=8582
Loading local test dataset from '/home/k/kimsh/cs4248/project/data/test.csv' ...
  encoding=utf-8 failed, trying next ...
  Loaded with encoding=latin-1
  Local test dataset: using text_col='text', label_col='sentiment'
  Local test dataset loaded: 3534 samples | neg=1001 neu=1430 pos=1103
  split -> train=23358 | val=4122
  using fixed test split from 'test.csv'

Encoding train (23358 samples) ...
  Saved → /home/k/kimsh/cs4248/project/cache/bert_uncased/z_tweet_train.pt  shape=(23358, 768)

Encoding val (4122 samples) ...
  Saved → /home/k/kimsh/cs4248/project/cache/bert_uncased/z_tweet_val.pt  shape=(4122, 768)

Encoding test (3534 samples) ...
  Saved → /home/k/kimsh/cs4248/project/cache/bert_uncased/z_tweet_test.pt  shape=(3534, 768)

Embedding extraction complete.

[OK] Phase '[1/4] Embedding extraction' completed in 69.8s

######################################################################
# PHASE: [2/4] Materialize D1 / D2 / D2.5 / D3
# Script: cbdc/refine.py
######################################################################

Device: cuda
Loading model from 'google-bert/bert-base-uncased' ...
  model_type=bert | hidden_size=768 | all backbone params frozen | dtype=float32

========================================================================
Materializing B1 (raw)
========================================================================
Loading model from 'google-bert/bert-base-uncased' ...
  model_type=bert | hidden_size=768 | all backbone params frozen | dtype=float32

========================================================================
Materializing D1 (debias_vl)
========================================================================

=== debias_vl confound map discovery ===
  spurious_cb:  (32, 768)
  candidate_cb: (96, 768)
  S_pairs: 1488
  topic source: mined topic phrases (32 topics)
  topic preview: today, work, sleep, people, twitter, friends, food, plans for tomorrow
  Top-4 SVD singular values: [1.0752220153808594, 1.0594099760055542, 1.0504844188690186, 1.0499483346939087]
  bias_anchors: (4, 768)
  D1 (debias_vl) train: saved -> /home/k/kimsh/cs4248/project/cache/bert_uncased/conditions/d1_debias_vl/z_tweet_train.pt
  D1 (debias_vl) val: saved -> /home/k/kimsh/cs4248/project/cache/bert_uncased/conditions/d1_debias_vl/z_tweet_val.pt
  D1 (debias_vl) test: saved -> /home/k/kimsh/cs4248/project/cache/bert_uncased/conditions/d1_debias_vl/z_tweet_test.pt
Loading model from 'google-bert/bert-base-uncased' ...
  model_type=bert | hidden_size=768 | all backbone params frozen | dtype=float32

========================================================================
Materializing D2 (CBDC)
========================================================================

=== CBDC text_iccv training ===
  n_epochs=100 | lr=1e-05 | PGD: epsilon=1.0 steps=20 restarts=10 | grad_clip=1.0
  Checkpoint selector: labeled val centroid macro-F1
  Sentiment-orthogonal PGD: ON
  Epoch 1/100: match=0.0112 ck=0.2163 total=0.2275 selector_f1=0.5096
  Epoch 10/100: match=0.0097 ck=0.1213 total=0.1310 selector_f1=0.5103
  Epoch 20/100: match=0.0084 ck=0.0417 total=0.0501 selector_f1=0.5116
  Epoch 30/100: match=0.0093 ck=0.0081 total=0.0174 selector_f1=0.5109
  Epoch 40/100: match=0.0068 ck=0.0056 total=0.0124 selector_f1=0.5104
  Epoch 50/100: match=0.0056 ck=0.0030 total=0.0086 selector_f1=0.5112
  Epoch 60/100: match=0.0021 ck=0.0015 total=0.0036 selector_f1=0.5098
  Epoch 70/100: match=0.0031 ck=0.0009 total=0.0039 selector_f1=0.5114
  Epoch 80/100: match=0.0029 ck=0.0008 total=0.0037 selector_f1=0.5115
  Epoch 90/100: match=0.0016 ck=0.0007 total=0.0023 selector_f1=0.5119
  Epoch 100/100: match=0.0044 ck=0.0005 total=0.0049 selector_f1=0.5107

  Restored best CBDC epoch: 90/100 (selector_f1=0.5119)
  D2 (CBDC) train: saved -> /home/k/kimsh/cs4248/project/cache/bert_uncased/conditions/d2_cbdc/z_tweet_train.pt
  D2 (CBDC) val: saved -> /home/k/kimsh/cs4248/project/cache/bert_uncased/conditions/d2_cbdc/z_tweet_val.pt
  D2 (CBDC) test: saved -> /home/k/kimsh/cs4248/project/cache/bert_uncased/conditions/d2_cbdc/z_tweet_test.pt
Loading model from 'google-bert/bert-base-uncased' ...
  model_type=bert | hidden_size=768 | all backbone params frozen | dtype=float32

========================================================================
Materializing D2.5 (CBDC no-label-select)
========================================================================

=== CBDC text_iccv training ===
  n_epochs=100 | lr=1e-05 | PGD: epsilon=1.0 steps=20 restarts=10 | grad_clip=1.0
  Checkpoint selector: prompt loss only (label-free)
  Sentiment-orthogonal PGD: ON
  Epoch 1/100: match=0.0117 ck=0.2163 total=0.2281 selector_loss=0.2281
  Epoch 10/100: match=0.0106 ck=0.1214 total=0.1320 selector_loss=0.1320
  Epoch 20/100: match=0.0098 ck=0.0415 total=0.0512 selector_loss=0.0512
  Epoch 30/100: match=0.0069 ck=0.0086 total=0.0154 selector_loss=0.0154
  Epoch 40/100: match=0.0033 ck=0.0057 total=0.0090 selector_loss=0.0090
  Epoch 50/100: match=0.0033 ck=0.0030 total=0.0063 selector_loss=0.0063
  Epoch 60/100: match=0.0026 ck=0.0012 total=0.0038 selector_loss=0.0038
  Epoch 70/100: match=0.0049 ck=0.0010 total=0.0059 selector_loss=0.0059
  Epoch 80/100: match=0.0020 ck=0.0008 total=0.0028 selector_loss=0.0028
  Epoch 90/100: match=0.0023 ck=0.0006 total=0.0029 selector_loss=0.0029
  Epoch 100/100: match=0.0035 ck=0.0005 total=0.0040 selector_loss=0.0040

  Restored best CBDC epoch: 87/100 (selector_loss=0.0019)
  D2.5 (CBDC no-label-select) train: saved -> /home/k/kimsh/cs4248/project/cache/bert_uncased/conditions/d25_cbdc_no_label_select/z_tweet_train.pt
  D2.5 (CBDC no-label-select) val: saved -> /home/k/kimsh/cs4248/project/cache/bert_uncased/conditions/d25_cbdc_no_label_select/z_tweet_val.pt
  D2.5 (CBDC no-label-select) test: saved -> /home/k/kimsh/cs4248/project/cache/bert_uncased/conditions/d25_cbdc_no_label_select/z_tweet_test.pt
Loading model from 'google-bert/bert-base-uncased' ...
  model_type=bert | hidden_size=768 | all backbone params frozen | dtype=float32

=== debias_vl confound map discovery ===
  spurious_cb:  (32, 768)
  candidate_cb: (96, 768)
  S_pairs: 1488
  topic source: mined topic phrases (32 topics)
  topic preview: today, work, sleep, people, twitter, friends, food, plans for tomorrow
  Top-4 SVD singular values: [1.0752220153808594, 1.0594099760055542, 1.0504844188690186, 1.0499483346939087]
  bias_anchors: (4, 768)

========================================================================
Materializing D3 (debias_vl->CBDC)
========================================================================

=== CBDC text_iccv training ===
  n_epochs=100 | lr=1e-05 | PGD: epsilon=1.0 steps=20 restarts=10 | grad_clip=1.0
  Checkpoint selector: labeled val centroid macro-F1
  Sentiment-orthogonal PGD: ON
  Epoch 1/100: match=0.0006 ck=0.1944 total=0.1950 selector_f1=0.5085
  Epoch 10/100: match=0.0029 ck=0.0358 total=0.0387 selector_f1=0.5073
  Epoch 20/100: match=0.0115 ck=0.0142 total=0.0257 selector_f1=0.5078
  Epoch 30/100: match=0.0033 ck=0.0029 total=0.0062 selector_f1=0.5074
  Epoch 40/100: match=0.0039 ck=0.0010 total=0.0050 selector_f1=0.5072
  Epoch 50/100: match=0.0039 ck=0.0015 total=0.0054 selector_f1=0.5086
  Epoch 60/100: match=0.0026 ck=0.0008 total=0.0034 selector_f1=0.5081
  Epoch 70/100: match=0.0019 ck=0.0006 total=0.0025 selector_f1=0.5085
  Epoch 80/100: match=0.0017 ck=0.0004 total=0.0022 selector_f1=0.5089
  Epoch 90/100: match=0.0024 ck=0.0003 total=0.0027 selector_f1=0.5091
  Epoch 100/100: match=0.0012 ck=0.0003 total=0.0014 selector_f1=0.5100

  Restored best CBDC epoch: 100/100 (selector_f1=0.5100)
  D3 (debias_vl->CBDC) train: saved -> /home/k/kimsh/cs4248/project/cache/bert_uncased/conditions/d3_debias_vl_cbdc/z_tweet_train.pt
  D3 (debias_vl->CBDC) val: saved -> /home/k/kimsh/cs4248/project/cache/bert_uncased/conditions/d3_debias_vl_cbdc/z_tweet_val.pt
  D3 (debias_vl->CBDC) test: saved -> /home/k/kimsh/cs4248/project/cache/bert_uncased/conditions/d3_debias_vl_cbdc/z_tweet_test.pt

Phase 2 materialization complete.

[OK] Phase '[2/4] Materialize D1 / D2 / D2.5 / D3' completed in 611.8s

######################################################################
# PHASE: [3/4] Prototype-based evaluation
# Script: pipeline/prototype_classify.py
######################################################################


========================================================================
Condition: B1 (raw)
========================================================================
  val_acc=0.3993 val_f1=0.3267 | test_acc=0.3812 test_f1=0.3081

  Test classification report:
    precision    recall  f1-score   support
    
        negative     0.6250    0.0599    0.1094      1001
         neutral     0.4332    0.2448    0.3128      1430
        positive     0.3563    0.8495    0.5020      1103
    
        accuracy                         0.3812      3534
       macro avg     0.4715    0.3847    0.3081      3534
    weighted avg     0.4635    0.3812    0.3142      3534
  Saved 2187 disagreements -> /home/k/kimsh/cs4248/project/cache/bert_uncased/conditions/b1_raw/prototype_test_disagreements.csv

========================================================================
Condition: D1 (debias_vl)
========================================================================
  val_acc=0.4459 val_f1=0.4142 | test_acc=0.4440 test_f1=0.4087

  Test classification report:
    precision    recall  f1-score   support
    
        negative     0.6307    0.2917    0.3989      1001
         neutral     0.4802    0.1867    0.2689      1430
        positive     0.4016    0.9157    0.5583      1103
    
        accuracy                         0.4440      3534
       macro avg     0.5042    0.4647    0.4087      3534
    weighted avg     0.4983    0.4440    0.3960      3534
  Saved 1965 disagreements -> /home/k/kimsh/cs4248/project/cache/bert_uncased/conditions/d1_debias_vl/prototype_test_disagreements.csv

========================================================================
Condition: D2 (CBDC)
========================================================================
  val_acc=0.3988 val_f1=0.3350 | test_acc=0.3902 test_f1=0.3289

  Test classification report:
    precision    recall  f1-score   support
    
        negative     0.6917    0.0919    0.1623      1001
         neutral     0.4470    0.2538    0.3238      1430
        positive     0.3569    0.8377    0.5005      1103
    
        accuracy                         0.3902      3534
       macro avg     0.4986    0.3945    0.3289      3534
    weighted avg     0.4882    0.3902    0.3332      3534
  Saved 2155 disagreements -> /home/k/kimsh/cs4248/project/cache/bert_uncased/conditions/d2_cbdc/prototype_test_disagreements.csv

========================================================================
Condition: D2.5 (CBDC no-label-select)
========================================================================
  val_acc=0.3913 val_f1=0.3208 | test_acc=0.3854 test_f1=0.3191

  Test classification report:
    precision    recall  f1-score   support
    
        negative     0.7281    0.0829    0.1489      1001
         neutral     0.4458    0.2357    0.3083      1430
        positive     0.3536    0.8540    0.5001      1103
    
        accuracy                         0.3854      3534
       macro avg     0.5091    0.3909    0.3191      3534
    weighted avg     0.4970    0.3854    0.3230      3534
  Saved 2172 disagreements -> /home/k/kimsh/cs4248/project/cache/bert_uncased/conditions/d25_cbdc_no_label_select/prototype_test_disagreements.csv

========================================================================
Condition: D3 (debias_vl->CBDC)
========================================================================
  val_acc=0.3831 val_f1=0.3059 | test_acc=0.3721 test_f1=0.2877

  Test classification report:
    precision    recall  f1-score   support
    
        negative     0.5868    0.0979    0.1678      1001
         neutral     0.4795    0.1147    0.1851      1430
        positive     0.3481    0.9547    0.5102      1103
    
        accuracy                         0.3721      3534
       macro avg     0.4715    0.3891    0.2877      3534
    weighted avg     0.4689    0.3721    0.2817      3534
  Saved 2219 disagreements -> /home/k/kimsh/cs4248/project/cache/bert_uncased/conditions/d3_debias_vl_cbdc/prototype_test_disagreements.csv

========================================================================
PROTOTYPE SUMMARY
========================================================================
Condition                  Val Acc  Test Acc   Val F1   Test F1
--------------------------------------------------------------------
B1 (raw)                    0.3993    0.3812   0.3267    0.3081
D1 (debias_vl)              0.4459    0.4440   0.4142    0.4087
D2 (CBDC)                   0.3988    0.3902   0.3350    0.3289
D2.5 (CBDC no-label-select)   0.3913    0.3854   0.3208    0.3191
D3 (debias_vl->CBDC)        0.3831    0.3721   0.3059    0.2877

Results saved -> /home/k/kimsh/cs4248/project/cache/bert_uncased/results_prototype.pt

[OK] Phase '[3/4] Prototype-based evaluation' completed in 5.8s

######################################################################
# PHASE: [4/4] Full evaluation report
# Script: pipeline/evaluate.py
######################################################################

========================================================================
CBDC Sentiment Debiasing — Prototype Evaluation Report
========================================================================

--- Prototype Results ---
Condition                  Val Acc  Test Acc   Val F1   Test F1
--------------------------------------------------------------------
B1 (raw)                    0.3993    0.3812   0.3267    0.3081
D1 (debias_vl)              0.4459    0.4440   0.4142    0.4087
D2 (CBDC)                   0.3988    0.3902   0.3350    0.3289
D2.5 (CBDC no-label-select)   0.3913    0.3854   0.3208    0.3191
D3 (debias_vl->CBDC)        0.3831    0.3721   0.3059    0.2877

--- Detailed Test Reports ---

B1 (raw):
  precision    recall  f1-score   support
  
      negative     0.6250    0.0599    0.1094      1001
       neutral     0.4332    0.2448    0.3128      1430
      positive     0.3563    0.8495    0.5020      1103
  
      accuracy                         0.3812      3534
     macro avg     0.4715    0.3847    0.3081      3534
  weighted avg     0.4635    0.3812    0.3142      3534

D1 (debias_vl):
  precision    recall  f1-score   support
  
      negative     0.6307    0.2917    0.3989      1001
       neutral     0.4802    0.1867    0.2689      1430
      positive     0.4016    0.9157    0.5583      1103
  
      accuracy                         0.4440      3534
     macro avg     0.5042    0.4647    0.4087      3534
  weighted avg     0.4983    0.4440    0.3960      3534

D2 (CBDC):
  precision    recall  f1-score   support
  
      negative     0.6917    0.0919    0.1623      1001
       neutral     0.4470    0.2538    0.3238      1430
      positive     0.3569    0.8377    0.5005      1103
  
      accuracy                         0.3902      3534
     macro avg     0.4986    0.3945    0.3289      3534
  weighted avg     0.4882    0.3902    0.3332      3534

D2.5 (CBDC no-label-select):
  precision    recall  f1-score   support
  
      negative     0.7281    0.0829    0.1489      1001
       neutral     0.4458    0.2357    0.3083      1430
      positive     0.3536    0.8540    0.5001      1103
  
      accuracy                         0.3854      3534
     macro avg     0.5091    0.3909    0.3191      3534
  weighted avg     0.4970    0.3854    0.3230      3534

D3 (debias_vl->CBDC):
  precision    recall  f1-score   support
  
      negative     0.5868    0.0979    0.1678      1001
       neutral     0.4795    0.1147    0.1851      1430
      positive     0.3481    0.9547    0.5102      1103
  
      accuracy                         0.3721      3534
     macro avg     0.4715    0.3891    0.2877      3534
  weighted avg     0.4689    0.3721    0.2817      3534

--- Direction Interpretability ---
(Lower pos-neg gap = direction is more sentiment-neutral)
Condition                 Direction              neg_mean   neu_mean   pos_mean      gap
----------------------------------------------------------------------------------------
D1 (debias_vl)            debias_vl_directions    -0.0121    -0.0119    -0.0122   0.0002
D2 (CBDC)                 cbdc_directions         -0.0940    -0.0989    -0.0940   0.0000
D2.5 (CBDC no-label-select) cbdc_directions         -0.0895    -0.0940    -0.0899   0.0004
D3 (debias_vl->CBDC)      debias_vl_directions     0.1006     0.1042     0.1049   0.0043

--- Comparative Analysis ---
  D1 vs B1 test accuracy: +0.0628
  D2 vs B1 test accuracy: +0.0091
  D2.5 vs B1 test accuracy: +0.0042
  D3 vs B1 test accuracy: -0.0091
  D2.5 vs D2 test accuracy: -0.0048
  D3 vs D2 test accuracy: -0.0181
  D3 vs D1 test accuracy: -0.0719

Full report saved -> /home/k/kimsh/cs4248/project/results/eval_report_prototype.txt

[OK] Phase '[4/4] Full evaluation report' completed in 1.6s

======================================================================
All phases complete in 11.5 minutes.
Results: /home/k/kimsh/cs4248/project/results/eval_report_prototype.txt
======================================================================
Done. Sat Apr  4 02:15:14 AM +08 2026
