Job ID:  568012
Node:    xgpi7
Time:    Fri Apr 10 05:04:33 PM +08 2026
GPU:     NVIDIA H100 NVL, 95830 MiB
Packages ready.
torch 2.10.0+cu128 | cuda: True
transformers 5.3.0
Running phases from 1 with classifier=prototype model=bert
======================================================================
CBDC Sentiment Debiasing Pipeline
======================================================================
Model:         bert-base-cased  (--model bert)
Text unit:     text
Classifier:    prototype
Cache dir:     /home/k/kimsh/cs4248/project/cache/bert
Running phases: [1, 2, 3, 4]
Include D2.5:  True
Include D4:    False

######################################################################
# PHASE: [1/4] Embedding extraction
# Script: data/embed.py
######################################################################

Device: cuda
Loading model from 'bert-base-cased' ...
  model_type=bert | hidden_size=768 | all backbone params frozen | dtype=torch.float32
Loading local dataset from '/home/k/kimsh/cs4248/project/data/train.csv' ...
  encoding=utf-8 failed, trying next ...
  Loaded with encoding=latin-1
  Local train dataset: using text_col='text', label_col='sentiment'
  Local train dataset: selected_text_col='selected_text'
  Local train dataset loaded: 27480 samples | neg=7781 neu=11117 pos=8582
Loading local test dataset from '/home/k/kimsh/cs4248/project/data/test.csv' ...
  encoding=utf-8 failed, trying next ...
  Loaded with encoding=latin-1
  Local test dataset: using text_col='text', label_col='sentiment'
  Local test dataset loaded: 3534 samples | neg=1001 neu=1430 pos=1103
  split -> train=23358 | val=4122
  using fixed test split from 'test.csv'

Encoding train (23358 samples) ...
  Saved → /home/k/kimsh/cs4248/project/cache/bert/z_tweet_train.pt  shape=(23358, 768)

Encoding val (4122 samples) ...
  Saved → /home/k/kimsh/cs4248/project/cache/bert/z_tweet_val.pt  shape=(4122, 768)

Encoding test (3534 samples) ...
  Saved → /home/k/kimsh/cs4248/project/cache/bert/z_tweet_test.pt  shape=(3534, 768)

Embedding extraction complete.

[OK] Phase '[1/4] Embedding extraction' completed in 34.9s

######################################################################
# PHASE: [2/4] Materialize D1 / D2 / D2.5 / D3 / D4
# Script: cbdc/refine.py
######################################################################

Device: cuda
Loading model from 'bert-base-cased' ...
  model_type=bert | hidden_size=768 | all backbone params frozen | dtype=torch.float32

========================================================================
Materializing B1 (raw)
========================================================================
Loading model from 'bert-base-cased' ...
  model_type=bert | hidden_size=768 | all backbone params frozen | dtype=torch.float32

========================================================================
Materializing D1 (debias_vl)
========================================================================

=== debias_vl confound map discovery ===
  spurious_cb:  (32, 768)
  candidate_cb: (96, 768)
  S_pairs: 1488
  topic source: mined topic phrases (32 topics)
  topic preview: today, work, sleep, people, twitter, friends, food, plans for tomorrow
  Top-4 SVD singular values: [1.0654658079147339, 1.0586470365524292, 1.0542330741882324, 1.0494428873062134]
  bias_anchors: (4, 768)
  D1 (debias_vl) train: saved -> /home/k/kimsh/cs4248/project/cache/bert/conditions/d1_debias_vl/z_tweet_train.pt
  D1 (debias_vl) val: saved -> /home/k/kimsh/cs4248/project/cache/bert/conditions/d1_debias_vl/z_tweet_val.pt
  D1 (debias_vl) test: saved -> /home/k/kimsh/cs4248/project/cache/bert/conditions/d1_debias_vl/z_tweet_test.pt
Loading model from 'bert-base-cased' ...
  model_type=bert | hidden_size=768 | all backbone params frozen | dtype=torch.float32

========================================================================
Materializing D2 (CBDC)
========================================================================

=== CBDC text_iccv training ===
  n_epochs=100 | lr=1e-05 | PGD: epsilon=1.0 steps=20 restarts=10 | grad_clip=1.0
  Checkpoint selector: labeled val centroid macro-F1
  Sentiment-orthogonal PGD: ON
  Epoch 1/100: match=0.0013 ck=0.0418 total=0.0431 selector_f1=0.5638
  Epoch 10/100: match=0.0017 ck=0.0167 total=0.0184 selector_f1=0.5653
  Epoch 20/100: match=0.0027 ck=0.0058 total=0.0085 selector_f1=0.5663
  Epoch 30/100: match=0.0022 ck=0.0023 total=0.0045 selector_f1=0.5661
  Epoch 40/100: match=0.0022 ck=0.0015 total=0.0037 selector_f1=0.5666
  Epoch 50/100: match=0.0018 ck=0.0013 total=0.0031 selector_f1=0.5664
  Epoch 60/100: match=0.0011 ck=0.0015 total=0.0026 selector_f1=0.5663
  Epoch 70/100: match=0.0006 ck=0.0014 total=0.0020 selector_f1=0.5649
  Epoch 80/100: match=0.0004 ck=0.0009 total=0.0013 selector_f1=0.5661
  Epoch 90/100: match=0.0004 ck=0.0005 total=0.0009 selector_f1=0.5647
  Epoch 100/100: match=0.0002 ck=0.0003 total=0.0006 selector_f1=0.5645

  Restored best CBDC epoch: 40/100 (selector_f1=0.5666)
  D2 (CBDC) train: saved -> /home/k/kimsh/cs4248/project/cache/bert/conditions/d2_cbdc/z_tweet_train.pt
  D2 (CBDC) val: saved -> /home/k/kimsh/cs4248/project/cache/bert/conditions/d2_cbdc/z_tweet_val.pt
  D2 (CBDC) test: saved -> /home/k/kimsh/cs4248/project/cache/bert/conditions/d2_cbdc/z_tweet_test.pt
Loading model from 'bert-base-cased' ...
  model_type=bert | hidden_size=768 | all backbone params frozen | dtype=torch.float32

========================================================================
Materializing D2.5 (CBDC no-label-select)
========================================================================

=== CBDC text_iccv training ===
  n_epochs=100 | lr=1e-05 | PGD: epsilon=1.0 steps=20 restarts=10 | grad_clip=1.0
  Checkpoint selector: prompt loss only (label-free)
  Sentiment-orthogonal PGD: ON
  Epoch 1/100: match=0.0012 ck=0.0418 total=0.0430 selector_loss=0.0430
  Epoch 10/100: match=0.0019 ck=0.0167 total=0.0187 selector_loss=0.0187
  Epoch 20/100: match=0.0027 ck=0.0058 total=0.0086 selector_loss=0.0086
  Epoch 30/100: match=0.0027 ck=0.0022 total=0.0049 selector_loss=0.0049
  Epoch 40/100: match=0.0021 ck=0.0015 total=0.0036 selector_loss=0.0036
  Epoch 50/100: match=0.0020 ck=0.0013 total=0.0033 selector_loss=0.0033
  Epoch 60/100: match=0.0012 ck=0.0015 total=0.0027 selector_loss=0.0027
  Epoch 70/100: match=0.0007 ck=0.0014 total=0.0021 selector_loss=0.0021
  Epoch 80/100: match=0.0005 ck=0.0009 total=0.0013 selector_loss=0.0013
  Epoch 90/100: match=0.0005 ck=0.0005 total=0.0010 selector_loss=0.0010
  Epoch 100/100: match=0.0003 ck=0.0003 total=0.0006 selector_loss=0.0006

  Restored best CBDC epoch: 99/100 (selector_loss=0.0006)
  D2.5 (CBDC no-label-select) train: saved -> /home/k/kimsh/cs4248/project/cache/bert/conditions/d25_cbdc_no_label_select/z_tweet_train.pt
  D2.5 (CBDC no-label-select) val: saved -> /home/k/kimsh/cs4248/project/cache/bert/conditions/d25_cbdc_no_label_select/z_tweet_val.pt
  D2.5 (CBDC no-label-select) test: saved -> /home/k/kimsh/cs4248/project/cache/bert/conditions/d25_cbdc_no_label_select/z_tweet_test.pt
Loading model from 'bert-base-cased' ...
  model_type=bert | hidden_size=768 | all backbone params frozen | dtype=torch.float32

=== debias_vl confound map discovery ===
  spurious_cb:  (32, 768)
  candidate_cb: (96, 768)
  S_pairs: 1488
  topic source: mined topic phrases (32 topics)
  topic preview: today, work, sleep, people, twitter, friends, food, plans for tomorrow
  Top-4 SVD singular values: [1.0654658079147339, 1.0586470365524292, 1.0542330741882324, 1.0494428873062134]
  bias_anchors: (4, 768)

========================================================================
Materializing D3 (debias_vl->CBDC)
========================================================================

=== CBDC text_iccv training ===
  n_epochs=100 | lr=1e-05 | PGD: epsilon=1.0 steps=20 restarts=10 | grad_clip=1.0
  Checkpoint selector: labeled val centroid macro-F1
  Sentiment-orthogonal PGD: ON
  Epoch 1/100: match=0.0141 ck=2.9735 total=2.9875 selector_f1=0.5633
  Epoch 10/100: match=0.0127 ck=1.6786 total=1.6913 selector_f1=0.5629
  Epoch 20/100: match=0.0089 ck=0.6999 total=0.7088 selector_f1=0.5631
  Epoch 30/100: match=0.0056 ck=0.1481 total=0.1536 selector_f1=0.5641
  Epoch 40/100: match=0.0045 ck=0.0471 total=0.0516 selector_f1=0.5645
  Epoch 50/100: match=0.0048 ck=0.0192 total=0.0240 selector_f1=0.5638
  Epoch 60/100: match=0.0040 ck=0.0087 total=0.0127 selector_f1=0.5657
  Epoch 70/100: match=0.0019 ck=0.0041 total=0.0060 selector_f1=0.5679
  Epoch 80/100: match=0.0013 ck=0.0040 total=0.0053 selector_f1=0.5682
  Epoch 90/100: match=0.0010 ck=0.0032 total=0.0042 selector_f1=0.5680
  Epoch 100/100: match=0.0011 ck=0.0019 total=0.0030 selector_f1=0.5678

  Restored best CBDC epoch: 80/100 (selector_f1=0.5682)
  D3 (debias_vl->CBDC) train: saved -> /home/k/kimsh/cs4248/project/cache/bert/conditions/d3_debias_vl_cbdc/z_tweet_train.pt
  D3 (debias_vl->CBDC) val: saved -> /home/k/kimsh/cs4248/project/cache/bert/conditions/d3_debias_vl_cbdc/z_tweet_val.pt
  D3 (debias_vl->CBDC) test: saved -> /home/k/kimsh/cs4248/project/cache/bert/conditions/d3_debias_vl_cbdc/z_tweet_test.pt
Loading model from 'bert-base-cased' ...
  model_type=bert | hidden_size=768 | all backbone params frozen | dtype=torch.float32

=== D4 adversarial bias discovery ===
  selected hard examples: 192
  total train misclassifications (prototype view): 13378
  direction bank: (576, 768)
  Top-4 adversarial SVD values: [17.57821273803711, 4.997354030609131, 2.591845989227295, 2.37416672706604]

========================================================================
Materializing D4 (adv-discovery->CBDC)
========================================================================

=== CBDC text_iccv training ===
  n_epochs=100 | lr=1e-05 | PGD: epsilon=1.0 steps=20 restarts=10 | grad_clip=1.0
  Checkpoint selector: labeled val centroid macro-F1
  Sentiment-orthogonal PGD: ON
  Epoch 1/100: match=0.0027 ck=17.3727 total=17.3754 selector_f1=0.5638
  Epoch 10/100: match=0.0034 ck=13.6576 total=13.6609 selector_f1=0.5627
  Epoch 20/100: match=0.0076 ck=9.7925 total=9.8001 selector_f1=0.5580
  Epoch 30/100: match=0.0185 ck=6.4085 total=6.4270 selector_f1=0.5558
  Epoch 40/100: match=0.0112 ck=3.6476 total=3.6588 selector_f1=0.5519
  Epoch 50/100: match=0.0109 ck=1.5946 total=1.6055 selector_f1=0.5504
  Epoch 60/100: match=0.0071 ck=0.3874 total=0.3945 selector_f1=0.5472
  Epoch 70/100: match=0.0095 ck=0.0434 total=0.0529 selector_f1=0.5483
  Epoch 80/100: match=0.0091 ck=0.0351 total=0.0442 selector_f1=0.5507
  Epoch 90/100: match=0.0085 ck=0.0167 total=0.0252 selector_f1=0.5480
  Epoch 100/100: match=0.0086 ck=0.0060 total=0.0146 selector_f1=0.5468

  Restored best CBDC epoch: 1/100 (selector_f1=0.5638)
  D4 (adv-discovery->CBDC) train: saved -> /home/k/kimsh/cs4248/project/cache/bert/conditions/d4_adv_discovery_cbdc/z_tweet_train.pt
  D4 (adv-discovery->CBDC) val: saved -> /home/k/kimsh/cs4248/project/cache/bert/conditions/d4_adv_discovery_cbdc/z_tweet_val.pt
  D4 (adv-discovery->CBDC) test: saved -> /home/k/kimsh/cs4248/project/cache/bert/conditions/d4_adv_discovery_cbdc/z_tweet_test.pt

Phase 2 materialization complete.

[OK] Phase '[2/4] Materialize D1 / D2 / D2.5 / D3 / D4' completed in 565.0s

######################################################################
# PHASE: [3/4] Prototype-based evaluation
# Script: pipeline/prototype_classify.py
######################################################################


========================================================================
Condition: B1 (raw)
========================================================================
  val_acc=0.4260 val_f1=0.3738 | test_acc=0.4287 test_f1=0.3785

  Test classification report:
    precision    recall  f1-score   support
    
        negative     0.5338    0.4575    0.4927      1001
         neutral     0.5123    0.0580    0.1043      1430
        positive     0.3874    0.8830    0.5386      1103
    
        accuracy                         0.4287      3534
       macro avg     0.4779    0.4662    0.3785      3534
    weighted avg     0.4794    0.4287    0.3499      3534
  Saved 2019 disagreements -> /home/k/kimsh/cs4248/project/cache/bert/conditions/b1_raw/prototype_test_disagreements.csv

========================================================================
Condition: D1 (debias_vl)
========================================================================
  val_acc=0.4816 val_f1=0.4804 | test_acc=0.4810 test_f1=0.4782

  Test classification report:
    precision    recall  f1-score   support
    
        negative     0.4454    0.5784    0.5033      1001
         neutral     0.4655    0.5049    0.4844      1430
        positive     0.5842    0.3617    0.4468      1103
    
        accuracy                         0.4810      3534
       macro avg     0.4984    0.4817    0.4782      3534
    weighted avg     0.4968    0.4810    0.4780      3534
  Saved 1834 disagreements -> /home/k/kimsh/cs4248/project/cache/bert/conditions/d1_debias_vl/prototype_test_disagreements.csv

========================================================================
Condition: D2 (CBDC)
========================================================================
  val_acc=0.4692 val_f1=0.4603 | test_acc=0.4689 test_f1=0.4604

  Test classification report:
    precision    recall  f1-score   support
    
        negative     0.5474    0.4555    0.4973      1001
         neutral     0.4862    0.2587    0.3377      1430
        positive     0.4284    0.7534    0.5462      1103
    
        accuracy                         0.4689      3534
       macro avg     0.4873    0.4892    0.4604      3534
    weighted avg     0.4855    0.4689    0.4480      3534
  Saved 1877 disagreements -> /home/k/kimsh/cs4248/project/cache/bert/conditions/d2_cbdc/prototype_test_disagreements.csv

========================================================================
Condition: D2.5 (CBDC no-label-select)
========================================================================
  val_acc=0.4614 val_f1=0.4118 | test_acc=0.4581 test_f1=0.4067

  Test classification report:
    precision    recall  f1-score   support
    
        negative     0.6547    0.1459    0.2386      1001
         neutral     0.4370    0.7028    0.5389      1430
        positive     0.4629    0.4243    0.4428      1103
    
        accuracy                         0.4581      3534
       macro avg     0.5182    0.4243    0.4067      3534
    weighted avg     0.5067    0.4581    0.4238      3534
  Saved 1915 disagreements -> /home/k/kimsh/cs4248/project/cache/bert/conditions/d25_cbdc_no_label_select/prototype_test_disagreements.csv

========================================================================
Condition: D3 (debias_vl->CBDC)
========================================================================
  val_acc=0.3937 val_f1=0.3387 | test_acc=0.4072 test_f1=0.3578

  Test classification report:
    precision    recall  f1-score   support
    
        negative     0.6764    0.2777    0.3938      1001
         neutral     0.5111    0.0965    0.1624      1430
        positive     0.3586    0.9275    0.5172      1103
    
        accuracy                         0.4072      3534
       macro avg     0.5154    0.4339    0.3578      3534
    weighted avg     0.5103    0.4072    0.3386      3534
  Saved 2095 disagreements -> /home/k/kimsh/cs4248/project/cache/bert/conditions/d3_debias_vl_cbdc/prototype_test_disagreements.csv

========================================================================
Condition: D4 (adv-discovery->CBDC)
========================================================================
  val_acc=0.4284 val_f1=0.3763 | test_acc=0.4298 test_f1=0.3790

  Test classification report:
    precision    recall  f1-score   support
    
        negative     0.5240    0.4685    0.4947      1001
         neutral     0.5000    0.0559    0.1006      1430
        positive     0.3913    0.8794    0.5416      1103
    
        accuracy                         0.4298      3534
       macro avg     0.4718    0.4680    0.3790      3534
    weighted avg     0.4729    0.4298    0.3499      3534
  Saved 2015 disagreements -> /home/k/kimsh/cs4248/project/cache/bert/conditions/d4_adv_discovery_cbdc/prototype_test_disagreements.csv

========================================================================
PROTOTYPE SUMMARY
========================================================================
Condition                  Val Acc  Test Acc   Val F1   Test F1
--------------------------------------------------------------------
B1 (raw)                    0.4260    0.4287   0.3738    0.3785
D1 (debias_vl)              0.4816    0.4810   0.4804    0.4782
D2 (CBDC)                   0.4692    0.4689   0.4603    0.4604
D2.5 (CBDC no-label-select)   0.4614    0.4581   0.4118    0.4067
D3 (debias_vl->CBDC)        0.3937    0.4072   0.3387    0.3578
D4 (adv-discovery->CBDC)    0.4284    0.4298   0.3763    0.3790

Results saved -> /home/k/kimsh/cs4248/project/cache/bert/results_prototype.pt

[OK] Phase '[3/4] Prototype-based evaluation' completed in 6.4s

######################################################################
# PHASE: [4/4] Full evaluation report
# Script: pipeline/evaluate.py
######################################################################

========================================================================
CBDC Sentiment Debiasing — Prototype Evaluation Report
========================================================================

--- Prototype Results ---
Condition                  Val Acc  Test Acc   Val F1   Test F1
--------------------------------------------------------------------
B1 (raw)                    0.4260    0.4287   0.3738    0.3785
D1 (debias_vl)              0.4816    0.4810   0.4804    0.4782
D2 (CBDC)                   0.4692    0.4689   0.4603    0.4604
D2.5 (CBDC no-label-select)   0.4614    0.4581   0.4118    0.4067
D3 (debias_vl->CBDC)        0.3937    0.4072   0.3387    0.3578
D4 (adv-discovery->CBDC)    0.4284    0.4298   0.3763    0.3790

--- Detailed Test Reports ---

B1 (raw):
  precision    recall  f1-score   support
  
      negative     0.5338    0.4575    0.4927      1001
       neutral     0.5123    0.0580    0.1043      1430
      positive     0.3874    0.8830    0.5386      1103
  
      accuracy                         0.4287      3534
     macro avg     0.4779    0.4662    0.3785      3534
  weighted avg     0.4794    0.4287    0.3499      3534

D1 (debias_vl):
  precision    recall  f1-score   support
  
      negative     0.4454    0.5784    0.5033      1001
       neutral     0.4655    0.5049    0.4844      1430
      positive     0.5842    0.3617    0.4468      1103
  
      accuracy                         0.4810      3534
     macro avg     0.4984    0.4817    0.4782      3534
  weighted avg     0.4968    0.4810    0.4780      3534

D2 (CBDC):
  precision    recall  f1-score   support
  
      negative     0.5474    0.4555    0.4973      1001
       neutral     0.4862    0.2587    0.3377      1430
      positive     0.4284    0.7534    0.5462      1103
  
      accuracy                         0.4689      3534
     macro avg     0.4873    0.4892    0.4604      3534
  weighted avg     0.4855    0.4689    0.4480      3534

D2.5 (CBDC no-label-select):
  precision    recall  f1-score   support
  
      negative     0.6547    0.1459    0.2386      1001
       neutral     0.4370    0.7028    0.5389      1430
      positive     0.4629    0.4243    0.4428      1103
  
      accuracy                         0.4581      3534
     macro avg     0.5182    0.4243    0.4067      3534
  weighted avg     0.5067    0.4581    0.4238      3534

D3 (debias_vl->CBDC):
  precision    recall  f1-score   support
  
      negative     0.6764    0.2777    0.3938      1001
       neutral     0.5111    0.0965    0.1624      1430
      positive     0.3586    0.9275    0.5172      1103
  
      accuracy                         0.4072      3534
     macro avg     0.5154    0.4339    0.3578      3534
  weighted avg     0.5103    0.4072    0.3386      3534

D4 (adv-discovery->CBDC):
  precision    recall  f1-score   support
  
      negative     0.5240    0.4685    0.4947      1001
       neutral     0.5000    0.0559    0.1006      1430
      positive     0.3913    0.8794    0.5416      1103
  
      accuracy                         0.4298      3534
     macro avg     0.4718    0.4680    0.3790      3534
  weighted avg     0.4729    0.4298    0.3499      3534

--- Direction Interpretability ---
(Lower pos-neg gap = direction is more sentiment-neutral)
Condition                 Direction              neg_mean   neu_mean   pos_mean      gap
----------------------------------------------------------------------------------------
D1 (debias_vl)            debias_vl_directions    -0.0264    -0.0246    -0.0237   0.0027
D2 (CBDC)                 cbdc_directions         -0.0055    -0.0099    -0.0105   0.0051
D2.5 (CBDC no-label-select) cbdc_directions          0.0018    -0.0013     0.0001   0.0017
D3 (debias_vl->CBDC)      debias_vl_directions     0.1813     0.1758     0.1790   0.0023
D4 (adv-discovery->CBDC)  cbdc_directions          0.0997     0.1018     0.0994   0.0003

--- Comparative Analysis ---
  D1 vs B1 test accuracy: +0.0523
  D2 vs B1 test accuracy: +0.0402
  D2.5 vs B1 test accuracy: +0.0294
  D3 vs B1 test accuracy: -0.0215
  D2.5 vs D2 test accuracy: -0.0108
  D3 vs D2 test accuracy: -0.0617
  D3 vs D1 test accuracy: -0.0739
  D4 vs B1 test accuracy: +0.0011
  D4 vs D3 test accuracy: +0.0226

Full report saved -> /home/k/kimsh/cs4248/project/results/eval_report_prototype.txt

[OK] Phase '[4/4] Full evaluation report' completed in 1.6s

======================================================================
All phases complete in 10.1 minutes.
Results: /home/k/kimsh/cs4248/project/results/eval_report_prototype.txt
======================================================================
Done. Fri Apr 10 05:14:51 PM +08 2026
