Job ID:  542124
Node:    xgpi7
Time:    Sat Apr  4 12:20:29 AM +08 2026
GPU:     NVIDIA H100 NVL, 95830 MiB
Packages ready.
torch 2.10.0+cu128 | cuda: True
transformers 5.3.0
Running phases from 1 with classifier=prototype model=roberta
======================================================================
CBDC Sentiment Debiasing Pipeline
======================================================================
Model:         roberta-base  (--model roberta)
Text unit:     text
Classifier:    prototype
Cache dir:     /home/k/kimsh/cs4248/project/cache/roberta
Running phases: [1, 2, 3, 4]
Include D2.5:  True

######################################################################
# PHASE: [1/4] Embedding extraction
# Script: data/embed.py
######################################################################

Device: cuda
Loading model from 'roberta-base' ...
  hidden_size=768 | all backbone params frozen
Loading local dataset from '/home/k/kimsh/cs4248/project/data/train.csv' ...
  encoding=utf-8 failed, trying next ...
  Loaded with encoding=latin-1
  Local train dataset: using text_col='text', label_col='sentiment'
  Local train dataset: selected_text_col='selected_text'
  Local train dataset loaded: 27480 samples | neg=7781 neu=11117 pos=8582
Loading local test dataset from '/home/k/kimsh/cs4248/project/data/test.csv' ...
  encoding=utf-8 failed, trying next ...
  Loaded with encoding=latin-1
  Local test dataset: using text_col='text', label_col='sentiment'
  Local test dataset loaded: 3534 samples | neg=1001 neu=1430 pos=1103
  split -> train=23358 | val=4122
  using fixed test split from 'test.csv'

Encoding train (23358 samples) ...
  Saved → /home/k/kimsh/cs4248/project/cache/roberta/z_tweet_train.pt  shape=(23358, 768)

Encoding val (4122 samples) ...
  Saved → /home/k/kimsh/cs4248/project/cache/roberta/z_tweet_val.pt  shape=(4122, 768)

Encoding test (3534 samples) ...
  Saved → /home/k/kimsh/cs4248/project/cache/roberta/z_tweet_test.pt  shape=(3534, 768)

Embedding extraction complete.

[OK] Phase '[1/4] Embedding extraction' completed in 32.0s

######################################################################
# PHASE: [2/4] Materialize D1 / D2 / D2.5 / D3
# Script: cbdc/refine.py
######################################################################

Device: cuda
Loading model from 'roberta-base' ...
  hidden_size=768 | all backbone params frozen

========================================================================
Materializing B1 (raw)
========================================================================
Loading model from 'roberta-base' ...
  hidden_size=768 | all backbone params frozen

========================================================================
Materializing D1 (debias_vl)
========================================================================

=== debias_vl confound map discovery ===
  spurious_cb:  (32, 768)
  candidate_cb: (96, 768)
  S_pairs: 1488
  topic source: mined topic phrases (32 topics)
  topic preview: today, work, sleep, friends, people, twitter, food, school
  Top-4 SVD singular values: [1.0018205642700195, 1.0006859302520752, 1.0004699230194092, 1.0000989437103271]
  bias_anchors: (4, 768)
  D1 (debias_vl) train: saved -> /home/k/kimsh/cs4248/project/cache/roberta/conditions/d1_debias_vl/z_tweet_train.pt
  D1 (debias_vl) val: saved -> /home/k/kimsh/cs4248/project/cache/roberta/conditions/d1_debias_vl/z_tweet_val.pt
  D1 (debias_vl) test: saved -> /home/k/kimsh/cs4248/project/cache/roberta/conditions/d1_debias_vl/z_tweet_test.pt
Loading model from 'roberta-base' ...
  hidden_size=768 | all backbone params frozen

========================================================================
Materializing D2 (CBDC)
========================================================================

=== CBDC text_iccv training ===
  n_epochs=100 | lr=1e-05 | PGD: epsilon=1.0 steps=20 restarts=10
  Checkpoint selector: labeled val centroid macro-F1
  Sentiment-orthogonal PGD: ON
  Epoch 1/100: match=0.0003 ck=0.0013 total=0.0016 selector_f1=0.4946
  Epoch 10/100: match=0.0001 ck=0.0004 total=0.0005 selector_f1=0.5009
  Epoch 20/100: match=0.0001 ck=0.0001 total=0.0001 selector_f1=0.5065
  Epoch 30/100: match=0.0001 ck=0.0000 total=0.0001 selector_f1=0.5069
  Epoch 40/100: match=0.0001 ck=0.0000 total=0.0001 selector_f1=0.5052
  Epoch 50/100: match=0.0001 ck=0.0000 total=0.0001 selector_f1=0.5032
  Epoch 60/100: match=0.0001 ck=0.0000 total=0.0001 selector_f1=0.5025
  Epoch 70/100: match=0.0001 ck=0.0000 total=0.0001 selector_f1=0.5007
  Epoch 80/100: match=0.0001 ck=0.0000 total=0.0001 selector_f1=0.4993
  Epoch 90/100: match=0.0001 ck=0.0000 total=0.0001 selector_f1=0.5003
  Epoch 100/100: match=0.0001 ck=0.0000 total=0.0001 selector_f1=0.4998

  Restored best CBDC epoch: 30/100 (selector_f1=0.5069)
  D2 (CBDC) train: saved -> /home/k/kimsh/cs4248/project/cache/roberta/conditions/d2_cbdc/z_tweet_train.pt
  D2 (CBDC) val: saved -> /home/k/kimsh/cs4248/project/cache/roberta/conditions/d2_cbdc/z_tweet_val.pt
  D2 (CBDC) test: saved -> /home/k/kimsh/cs4248/project/cache/roberta/conditions/d2_cbdc/z_tweet_test.pt
Loading model from 'roberta-base' ...
  hidden_size=768 | all backbone params frozen

========================================================================
Materializing D2.5 (CBDC no-label-select)
========================================================================

=== CBDC text_iccv training ===
  n_epochs=100 | lr=1e-05 | PGD: epsilon=1.0 steps=20 restarts=10
  Checkpoint selector: prompt loss only (label-free)
  Sentiment-orthogonal PGD: ON
  Epoch 1/100: match=0.0003 ck=0.0013 total=0.0016 selector_loss=0.0016
  Epoch 10/100: match=0.0001 ck=0.0004 total=0.0006 selector_loss=0.0006
  Epoch 20/100: match=0.0001 ck=0.0000 total=0.0001 selector_loss=0.0001
  Epoch 30/100: match=0.0001 ck=0.0000 total=0.0001 selector_loss=0.0001
  Epoch 40/100: match=0.0001 ck=0.0000 total=0.0001 selector_loss=0.0001
  Epoch 50/100: match=0.0001 ck=0.0000 total=0.0001 selector_loss=0.0001
  Epoch 60/100: match=0.0001 ck=0.0000 total=0.0001 selector_loss=0.0001
  Epoch 70/100: match=0.0001 ck=0.0000 total=0.0001 selector_loss=0.0001
  Epoch 80/100: match=0.0001 ck=0.0000 total=0.0001 selector_loss=0.0001
  Epoch 90/100: match=0.0001 ck=0.0000 total=0.0001 selector_loss=0.0001
  Epoch 100/100: match=0.0001 ck=0.0000 total=0.0001 selector_loss=0.0001

  Restored best CBDC epoch: 72/100 (selector_loss=0.0000)
  D2.5 (CBDC no-label-select) train: saved -> /home/k/kimsh/cs4248/project/cache/roberta/conditions/d25_cbdc_no_label_select/z_tweet_train.pt
  D2.5 (CBDC no-label-select) val: saved -> /home/k/kimsh/cs4248/project/cache/roberta/conditions/d25_cbdc_no_label_select/z_tweet_val.pt
  D2.5 (CBDC no-label-select) test: saved -> /home/k/kimsh/cs4248/project/cache/roberta/conditions/d25_cbdc_no_label_select/z_tweet_test.pt
Loading model from 'roberta-base' ...
  hidden_size=768 | all backbone params frozen

=== debias_vl confound map discovery ===
  spurious_cb:  (32, 768)
  candidate_cb: (96, 768)
  S_pairs: 1488
  topic source: mined topic phrases (32 topics)
  topic preview: today, work, sleep, friends, people, twitter, food, school
  Top-4 SVD singular values: [1.0018205642700195, 1.0006859302520752, 1.0004699230194092, 1.0000989437103271]
  bias_anchors: (4, 768)

========================================================================
Materializing D3 (debias_vl->CBDC)
========================================================================

=== CBDC text_iccv training ===
  n_epochs=100 | lr=1e-05 | PGD: epsilon=1.0 steps=20 restarts=10
  Checkpoint selector: labeled val centroid macro-F1
  Sentiment-orthogonal PGD: ON
  Epoch 1/100: match=0.0006 ck=0.1742 total=0.1748 selector_f1=0.4949
  Epoch 10/100: match=0.0011 ck=0.0041 total=0.0052 selector_f1=0.5009
  Epoch 20/100: match=0.0022 ck=0.0151 total=0.0173 selector_f1=0.5019
  Epoch 30/100: match=0.0015 ck=0.0013 total=0.0028 selector_f1=0.4975
  Epoch 40/100: match=0.0013 ck=0.0022 total=0.0035 selector_f1=0.4948
  Epoch 50/100: match=0.0011 ck=0.0005 total=0.0016 selector_f1=0.4960
  Epoch 60/100: match=0.0011 ck=0.0007 total=0.0017 selector_f1=0.4954
  Epoch 70/100: match=0.0010 ck=0.0003 total=0.0012 selector_f1=0.4952
  Epoch 80/100: match=0.0012 ck=0.0002 total=0.0014 selector_f1=0.4957
  Epoch 90/100: match=0.0011 ck=0.0002 total=0.0013 selector_f1=0.4962
  Epoch 100/100: match=0.0008 ck=0.0001 total=0.0009 selector_f1=0.4962

  Restored best CBDC epoch: 20/100 (selector_f1=0.5019)
  D3 (debias_vl->CBDC) train: saved -> /home/k/kimsh/cs4248/project/cache/roberta/conditions/d3_debias_vl_cbdc/z_tweet_train.pt
  D3 (debias_vl->CBDC) val: saved -> /home/k/kimsh/cs4248/project/cache/roberta/conditions/d3_debias_vl_cbdc/z_tweet_val.pt
  D3 (debias_vl->CBDC) test: saved -> /home/k/kimsh/cs4248/project/cache/roberta/conditions/d3_debias_vl_cbdc/z_tweet_test.pt

Phase 2 materialization complete.

[OK] Phase '[2/4] Materialize D1 / D2 / D2.5 / D3' completed in 440.9s

######################################################################
# PHASE: [3/4] Prototype-based evaluation
# Script: pipeline/prototype_classify.py
######################################################################


========================================================================
Condition: B1 (raw)
========================================================================
  val_acc=0.4190 val_f1=0.3604 | test_acc=0.4318 test_f1=0.3747

  Test classification report:
    precision    recall  f1-score   support
    
        negative     0.5083    0.5185    0.5134      1001
         neutral     0.5955    0.0371    0.0698      1430
        positive     0.3936    0.8649    0.5410      1103
    
        accuracy                         0.4318      3534
       macro avg     0.4991    0.4735    0.3747      3534
    weighted avg     0.5078    0.4318    0.3425      3534
  Saved 2008 disagreements -> /home/k/kimsh/cs4248/project/cache/roberta/conditions/b1_raw/prototype_test_disagreements.csv

========================================================================
Condition: D1 (debias_vl)
========================================================================
  val_acc=0.4568 val_f1=0.4437 | test_acc=0.4709 test_f1=0.4577

  Test classification report:
    precision    recall  f1-score   support
    
        negative     0.5011    0.4735    0.4869      1001
         neutral     0.5361    0.2392    0.3308      1430
        positive     0.4349    0.7688    0.5555      1103
    
        accuracy                         0.4709      3534
       macro avg     0.4907    0.4938    0.4577      3534
    weighted avg     0.4946    0.4709    0.4451      3534
  Saved 1870 disagreements -> /home/k/kimsh/cs4248/project/cache/roberta/conditions/d1_debias_vl/prototype_test_disagreements.csv

========================================================================
Condition: D2 (CBDC)
========================================================================
  val_acc=0.4743 val_f1=0.4753 | test_acc=0.4709 test_f1=0.4715

  Test classification report:
    precision    recall  f1-score   support
    
        negative     0.4075    0.5724    0.4761      1001
         neutral     0.4712    0.4573    0.4642      1430
        positive     0.5905    0.3962    0.4742      1103
    
        accuracy                         0.4709      3534
       macro avg     0.4898    0.4753    0.4715      3534
    weighted avg     0.4904    0.4709    0.4707      3534
  Saved 1870 disagreements -> /home/k/kimsh/cs4248/project/cache/roberta/conditions/d2_cbdc/prototype_test_disagreements.csv

========================================================================
Condition: D2.5 (CBDC no-label-select)
========================================================================
  val_acc=0.4588 val_f1=0.4608 | test_acc=0.4601 test_f1=0.4613

  Test classification report:
    precision    recall  f1-score   support
    
        negative     0.3926    0.6444    0.4879      1001
         neutral     0.4827    0.3615    0.4134      1430
        positive     0.5659    0.4207    0.4826      1103
    
        accuracy                         0.4601      3534
       macro avg     0.4804    0.4755    0.4613      3534
    weighted avg     0.4831    0.4601    0.4561      3534
  Saved 1908 disagreements -> /home/k/kimsh/cs4248/project/cache/roberta/conditions/d25_cbdc_no_label_select/prototype_test_disagreements.csv

========================================================================
Condition: D3 (debias_vl->CBDC)
========================================================================
  val_acc=0.4328 val_f1=0.3718 | test_acc=0.4349 test_f1=0.3750

  Test classification report:
    precision    recall  f1-score   support
    
        negative     0.4666    0.5934    0.5224      1001
         neutral     0.6269    0.0294    0.0561      1430
        positive     0.4107    0.8169    0.5466      1103
    
        accuracy                         0.4349      3534
       macro avg     0.5014    0.4799    0.3750      3534
    weighted avg     0.5140    0.4349    0.3413      3534
  Saved 1997 disagreements -> /home/k/kimsh/cs4248/project/cache/roberta/conditions/d3_debias_vl_cbdc/prototype_test_disagreements.csv

========================================================================
PROTOTYPE SUMMARY
========================================================================
Condition                  Val Acc  Test Acc   Val F1   Test F1
--------------------------------------------------------------------
B1 (raw)                    0.4190    0.4318   0.3604    0.3747
D1 (debias_vl)              0.4568    0.4709   0.4437    0.4577
D2 (CBDC)                   0.4743    0.4709   0.4753    0.4715
D2.5 (CBDC no-label-select)   0.4588    0.4601   0.4608    0.4613
D3 (debias_vl->CBDC)        0.4328    0.4349   0.3718    0.3750

Results saved -> /home/k/kimsh/cs4248/project/cache/roberta/results_prototype.pt

[OK] Phase '[3/4] Prototype-based evaluation' completed in 6.1s

######################################################################
# PHASE: [4/4] Full evaluation report
# Script: pipeline/evaluate.py
######################################################################

========================================================================
CBDC Sentiment Debiasing — Prototype Evaluation Report
========================================================================

--- Prototype Results ---
Condition                  Val Acc  Test Acc   Val F1   Test F1
--------------------------------------------------------------------
B1 (raw)                    0.4190    0.4318   0.3604    0.3747
D1 (debias_vl)              0.4568    0.4709   0.4437    0.4577
D2 (CBDC)                   0.4743    0.4709   0.4753    0.4715
D2.5 (CBDC no-label-select)   0.4588    0.4601   0.4608    0.4613
D3 (debias_vl->CBDC)        0.4328    0.4349   0.3718    0.3750

--- Detailed Test Reports ---

B1 (raw):
  precision    recall  f1-score   support
  
      negative     0.5083    0.5185    0.5134      1001
       neutral     0.5955    0.0371    0.0698      1430
      positive     0.3936    0.8649    0.5410      1103
  
      accuracy                         0.4318      3534
     macro avg     0.4991    0.4735    0.3747      3534
  weighted avg     0.5078    0.4318    0.3425      3534

D1 (debias_vl):
  precision    recall  f1-score   support
  
      negative     0.5011    0.4735    0.4869      1001
       neutral     0.5361    0.2392    0.3308      1430
      positive     0.4349    0.7688    0.5555      1103
  
      accuracy                         0.4709      3534
     macro avg     0.4907    0.4938    0.4577      3534
  weighted avg     0.4946    0.4709    0.4451      3534

D2 (CBDC):
  precision    recall  f1-score   support
  
      negative     0.4075    0.5724    0.4761      1001
       neutral     0.4712    0.4573    0.4642      1430
      positive     0.5905    0.3962    0.4742      1103
  
      accuracy                         0.4709      3534
     macro avg     0.4898    0.4753    0.4715      3534
  weighted avg     0.4904    0.4709    0.4707      3534

D2.5 (CBDC no-label-select):
  precision    recall  f1-score   support
  
      negative     0.3926    0.6444    0.4879      1001
       neutral     0.4827    0.3615    0.4134      1430
      positive     0.5659    0.4207    0.4826      1103
  
      accuracy                         0.4601      3534
     macro avg     0.4804    0.4755    0.4613      3534
  weighted avg     0.4831    0.4601    0.4561      3534

D3 (debias_vl->CBDC):
  precision    recall  f1-score   support
  
      negative     0.4666    0.5934    0.5224      1001
       neutral     0.6269    0.0294    0.0561      1430
      positive     0.4107    0.8169    0.5466      1103
  
      accuracy                         0.4349      3534
     macro avg     0.5014    0.4799    0.3750      3534
  weighted avg     0.5140    0.4349    0.3413      3534

--- Direction Interpretability ---
(Lower pos-neg gap = direction is more sentiment-neutral)
Condition                 Direction              neg_mean   neu_mean   pos_mean      gap
----------------------------------------------------------------------------------------
D1 (debias_vl)            debias_vl_directions    -0.0001    -0.0001    -0.0001   0.0000
D2 (CBDC)                 cbdc_directions         -0.0015    -0.0009    -0.0018   0.0003
D2.5 (CBDC no-label-select) cbdc_directions         -0.0001    -0.0007    -0.0002   0.0002
D3 (debias_vl->CBDC)      debias_vl_directions     0.0030     0.0027     0.0024   0.0006

--- Comparative Analysis ---
  D1 vs B1 test accuracy: +0.0390
  D2 vs B1 test accuracy: +0.0390
  D2.5 vs B1 test accuracy: +0.0283
  D3 vs B1 test accuracy: +0.0031
  D2.5 vs D2 test accuracy: -0.0108
  D3 vs D2 test accuracy: -0.0359
  D3 vs D1 test accuracy: -0.0359

Full report saved -> /home/k/kimsh/cs4248/project/results/eval_report_prototype.txt

[OK] Phase '[4/4] Full evaluation report' completed in 1.5s

======================================================================
All phases complete in 8.0 minutes.
Results: /home/k/kimsh/cs4248/project/results/eval_report_prototype.txt
======================================================================
Done. Sat Apr  4 12:28:39 AM +08 2026
